<?xml version="1.0" encoding="UTF-8"?>
<!-- Generated by org.testng.reporters.JUnitReportReporter -->
<testsuite hostname="DESKTOP-GV6VD91" failures="0" tests="3" name="assesment02.assesment02.CalculatorTest" time="0.056" errors="0" timestamp="2024-04-02T15:49:16 IST" skipped="0">
  <testcase classname="assesment02.assesment02.CalculatorTest" name="testMultiply" time="0.004"/>
  <system-out/>
  <testcase classname="assesment02.assesment02.CalculatorTest" name="testSubtract" time="0.011"/>
  <system-out/>
  <testcase classname="assesment02.assesment02.CalculatorTest" name="testAdd" time="0.041"/>
  <system-out/>
</testsuite> <!-- assesment02.assesment02.CalculatorTest -->
